<?xml version="1.0" encoding="UTF-8"?>
<testsuite xmlns:xsi="http://www.w3.org/2001/XMLSchema-instance" xsi:noNamespaceSchemaLocation="https://maven.apache.org/surefire/maven-surefire-plugin/xsd/surefire-test-report-3.0.xsd" version="3.0" name="TestSuite" time="20.825" tests="4" errors="0" skipped="0" failures="1">
  <properties>
    <property name="gopherProxySet" value="false"/>
    <property name="awt.toolkit" value="sun.lwawt.macosx.LWCToolkit"/>
    <property name="file.encoding.pkg" value="sun.io"/>
    <property name="java.specification.version" value="1.8"/>
    <property name="webdriver.chrome.driver" value="//Users//gracevallu//Downloads//chromedriver"/>
    <property name="sun.cpu.isalist" value=""/>
    <property name="sun.jnu.encoding" value="UTF-8"/>
    <property name="java.class.path" value="/Users/gracevallu/eclipse-workspace/E2Eframeworkproject/target/test-classes:/Users/gracevallu/eclipse-workspace/E2Eframeworkproject/target/classes:/Users/gracevallu/.m2/repository/junit/junit/3.8.1/junit-3.8.1.jar:/Users/gracevallu/.m2/repository/org/seleniumhq/selenium/selenium-java/3.141.59/selenium-java-3.141.59.jar:/Users/gracevallu/.m2/repository/org/seleniumhq/selenium/selenium-api/3.141.59/selenium-api-3.141.59.jar:/Users/gracevallu/.m2/repository/org/seleniumhq/selenium/selenium-chrome-driver/3.141.59/selenium-chrome-driver-3.141.59.jar:/Users/gracevallu/.m2/repository/org/seleniumhq/selenium/selenium-edge-driver/3.141.59/selenium-edge-driver-3.141.59.jar:/Users/gracevallu/.m2/repository/org/seleniumhq/selenium/selenium-firefox-driver/3.141.59/selenium-firefox-driver-3.141.59.jar:/Users/gracevallu/.m2/repository/org/seleniumhq/selenium/selenium-ie-driver/3.141.59/selenium-ie-driver-3.141.59.jar:/Users/gracevallu/.m2/repository/org/seleniumhq/selenium/selenium-opera-driver/3.141.59/selenium-opera-driver-3.141.59.jar:/Users/gracevallu/.m2/repository/org/seleniumhq/selenium/selenium-remote-driver/3.141.59/selenium-remote-driver-3.141.59.jar:/Users/gracevallu/.m2/repository/org/seleniumhq/selenium/selenium-safari-driver/3.141.59/selenium-safari-driver-3.141.59.jar:/Users/gracevallu/.m2/repository/org/seleniumhq/selenium/selenium-support/3.141.59/selenium-support-3.141.59.jar:/Users/gracevallu/.m2/repository/net/bytebuddy/byte-buddy/1.8.15/byte-buddy-1.8.15.jar:/Users/gracevallu/.m2/repository/org/apache/commons/commons-exec/1.3/commons-exec-1.3.jar:/Users/gracevallu/.m2/repository/com/google/guava/guava/25.0-jre/guava-25.0-jre.jar:/Users/gracevallu/.m2/repository/com/google/code/findbugs/jsr305/1.3.9/jsr305-1.3.9.jar:/Users/gracevallu/.m2/repository/org/checkerframework/checker-compat-qual/2.0.0/checker-compat-qual-2.0.0.jar:/Users/gracevallu/.m2/repository/com/google/errorprone/error_prone_annotations/2.1.3/error_prone_annotations-2.1.3.jar:/Users/gracevallu/.m2/repository/com/google/j2objc/j2objc-annotations/1.1/j2objc-annotations-1.1.jar:/Users/gracevallu/.m2/repository/org/codehaus/mojo/animal-sniffer-annotations/1.14/animal-sniffer-annotations-1.14.jar:/Users/gracevallu/.m2/repository/com/squareup/okhttp3/okhttp/3.11.0/okhttp-3.11.0.jar:/Users/gracevallu/.m2/repository/com/squareup/okio/okio/1.14.0/okio-1.14.0.jar:/Users/gracevallu/.m2/repository/org/testng/testng/7.3.0/testng-7.3.0.jar:/Users/gracevallu/.m2/repository/com/beust/jcommander/1.78/jcommander-1.78.jar:/Users/gracevallu/.m2/repository/org/apache/ant/ant/1.10.3/ant-1.10.3.jar:/Users/gracevallu/.m2/repository/org/apache/ant/ant-launcher/1.10.3/ant-launcher-1.10.3.jar:/Users/gracevallu/.m2/repository/com/google/inject/guice/4.2.2/guice-4.2.2-no_aop.jar:/Users/gracevallu/.m2/repository/javax/inject/javax.inject/1/javax.inject-1.jar:/Users/gracevallu/.m2/repository/aopalliance/aopalliance/1.0/aopalliance-1.0.jar:/Users/gracevallu/.m2/repository/org/yaml/snakeyaml/1.21/snakeyaml-1.21.jar:/Users/gracevallu/.m2/repository/com/aventstack/extentreports/5.0.4/extentreports-5.0.4.jar:/Users/gracevallu/.m2/repository/io/reactivex/rxjava3/rxjava/3.0.4/rxjava-3.0.4.jar:/Users/gracevallu/.m2/repository/org/reactivestreams/reactive-streams/1.0.3/reactive-streams-1.0.3.jar:/Users/gracevallu/.m2/repository/org/freemarker/freemarker/2.3.30/freemarker-2.3.30.jar:/Users/gracevallu/.m2/repository/org/projectlombok/lombok/1.18.12/lombok-1.18.12.jar:/Users/gracevallu/.m2/repository/com/google/code/gson/gson/2.8.6/gson-2.8.6.jar:/Users/gracevallu/.m2/repository/commons-io/commons-io/2.7/commons-io-2.7.jar:/Users/gracevallu/.m2/repository/org/apache/logging/log4j/log4j-api/2.13.3/log4j-api-2.13.3.jar:/Users/gracevallu/.m2/repository/org/apache/logging/log4j/log4j-core/2.13.3/log4j-core-2.13.3.jar:"/>
    <property name="java.vm.vendor" value="Oracle Corporation"/>
    <property name="sun.arch.data.model" value="64"/>
    <property name="java.vendor.url" value="http://java.oracle.com/"/>
    <property name="user.timezone" value="America/New_York"/>
    <property name="java.vm.specification.version" value="1.8"/>
    <property name="os.name" value="Mac OS X"/>
    <property name="user.country" value="US"/>
    <property name="sun.java.launcher" value="SUN_STANDARD"/>
    <property name="sun.boot.library.path" value="/Library/Java/JavaVirtualMachines/jdk1.8.0_202.jdk/Contents/Home/jre/lib"/>
    <property name="sun.java.command" value="/Users/gracevallu/eclipse-workspace/E2Eframeworkproject/target/surefire/surefirebooter2390851490295653990.jar /Users/gracevallu/eclipse-workspace/E2Eframeworkproject/target/surefire 2020-11-09T20-37-08_458-jvmRun1 surefire5093324020145651486tmp surefire_04744320517317518538tmp"/>
    <property name="http.nonProxyHosts" value="local|*.local|169.254/16|*.169.254/16"/>
    <property name="surefire.test.class.path" value="/Users/gracevallu/eclipse-workspace/E2Eframeworkproject/target/test-classes:/Users/gracevallu/eclipse-workspace/E2Eframeworkproject/target/classes:/Users/gracevallu/.m2/repository/junit/junit/3.8.1/junit-3.8.1.jar:/Users/gracevallu/.m2/repository/org/seleniumhq/selenium/selenium-java/3.141.59/selenium-java-3.141.59.jar:/Users/gracevallu/.m2/repository/org/seleniumhq/selenium/selenium-api/3.141.59/selenium-api-3.141.59.jar:/Users/gracevallu/.m2/repository/org/seleniumhq/selenium/selenium-chrome-driver/3.141.59/selenium-chrome-driver-3.141.59.jar:/Users/gracevallu/.m2/repository/org/seleniumhq/selenium/selenium-edge-driver/3.141.59/selenium-edge-driver-3.141.59.jar:/Users/gracevallu/.m2/repository/org/seleniumhq/selenium/selenium-firefox-driver/3.141.59/selenium-firefox-driver-3.141.59.jar:/Users/gracevallu/.m2/repository/org/seleniumhq/selenium/selenium-ie-driver/3.141.59/selenium-ie-driver-3.141.59.jar:/Users/gracevallu/.m2/repository/org/seleniumhq/selenium/selenium-opera-driver/3.141.59/selenium-opera-driver-3.141.59.jar:/Users/gracevallu/.m2/repository/org/seleniumhq/selenium/selenium-remote-driver/3.141.59/selenium-remote-driver-3.141.59.jar:/Users/gracevallu/.m2/repository/org/seleniumhq/selenium/selenium-safari-driver/3.141.59/selenium-safari-driver-3.141.59.jar:/Users/gracevallu/.m2/repository/org/seleniumhq/selenium/selenium-support/3.141.59/selenium-support-3.141.59.jar:/Users/gracevallu/.m2/repository/net/bytebuddy/byte-buddy/1.8.15/byte-buddy-1.8.15.jar:/Users/gracevallu/.m2/repository/org/apache/commons/commons-exec/1.3/commons-exec-1.3.jar:/Users/gracevallu/.m2/repository/com/google/guava/guava/25.0-jre/guava-25.0-jre.jar:/Users/gracevallu/.m2/repository/com/google/code/findbugs/jsr305/1.3.9/jsr305-1.3.9.jar:/Users/gracevallu/.m2/repository/org/checkerframework/checker-compat-qual/2.0.0/checker-compat-qual-2.0.0.jar:/Users/gracevallu/.m2/repository/com/google/errorprone/error_prone_annotations/2.1.3/error_prone_annotations-2.1.3.jar:/Users/gracevallu/.m2/repository/com/google/j2objc/j2objc-annotations/1.1/j2objc-annotations-1.1.jar:/Users/gracevallu/.m2/repository/org/codehaus/mojo/animal-sniffer-annotations/1.14/animal-sniffer-annotations-1.14.jar:/Users/gracevallu/.m2/repository/com/squareup/okhttp3/okhttp/3.11.0/okhttp-3.11.0.jar:/Users/gracevallu/.m2/repository/com/squareup/okio/okio/1.14.0/okio-1.14.0.jar:/Users/gracevallu/.m2/repository/org/testng/testng/7.3.0/testng-7.3.0.jar:/Users/gracevallu/.m2/repository/com/beust/jcommander/1.78/jcommander-1.78.jar:/Users/gracevallu/.m2/repository/org/apache/ant/ant/1.10.3/ant-1.10.3.jar:/Users/gracevallu/.m2/repository/org/apache/ant/ant-launcher/1.10.3/ant-launcher-1.10.3.jar:/Users/gracevallu/.m2/repository/com/google/inject/guice/4.2.2/guice-4.2.2-no_aop.jar:/Users/gracevallu/.m2/repository/javax/inject/javax.inject/1/javax.inject-1.jar:/Users/gracevallu/.m2/repository/aopalliance/aopalliance/1.0/aopalliance-1.0.jar:/Users/gracevallu/.m2/repository/org/yaml/snakeyaml/1.21/snakeyaml-1.21.jar:/Users/gracevallu/.m2/repository/com/aventstack/extentreports/5.0.4/extentreports-5.0.4.jar:/Users/gracevallu/.m2/repository/io/reactivex/rxjava3/rxjava/3.0.4/rxjava-3.0.4.jar:/Users/gracevallu/.m2/repository/org/reactivestreams/reactive-streams/1.0.3/reactive-streams-1.0.3.jar:/Users/gracevallu/.m2/repository/org/freemarker/freemarker/2.3.30/freemarker-2.3.30.jar:/Users/gracevallu/.m2/repository/org/projectlombok/lombok/1.18.12/lombok-1.18.12.jar:/Users/gracevallu/.m2/repository/com/google/code/gson/gson/2.8.6/gson-2.8.6.jar:/Users/gracevallu/.m2/repository/commons-io/commons-io/2.7/commons-io-2.7.jar:/Users/gracevallu/.m2/repository/org/apache/logging/log4j/log4j-api/2.13.3/log4j-api-2.13.3.jar:/Users/gracevallu/.m2/repository/org/apache/logging/log4j/log4j-core/2.13.3/log4j-core-2.13.3.jar:"/>
    <property name="sun.cpu.endian" value="little"/>
    <property name="user.home" value="/Users/gracevallu"/>
    <property name="user.language" value="en"/>
    <property name="java.specification.vendor" value="Oracle Corporation"/>
    <property name="java.home" value="/Library/Java/JavaVirtualMachines/jdk1.8.0_202.jdk/Contents/Home/jre"/>
    <property name="basedir" value="/Users/gracevallu/eclipse-workspace/E2Eframeworkproject"/>
    <property name="file.separator" value="/"/>
    <property name="line.separator" value="&#10;"/>
    <property name="java.vm.specification.vendor" value="Oracle Corporation"/>
    <property name="java.specification.name" value="Java Platform API Specification"/>
    <property name="java.awt.graphicsenv" value="sun.awt.CGraphicsEnvironment"/>
    <property name="surefire.real.class.path" value="/Users/gracevallu/eclipse-workspace/E2Eframeworkproject/target/surefire/surefirebooter2390851490295653990.jar"/>
    <property name="sun.boot.class.path" value="/Library/Java/JavaVirtualMachines/jdk1.8.0_202.jdk/Contents/Home/jre/lib/resources.jar:/Library/Java/JavaVirtualMachines/jdk1.8.0_202.jdk/Contents/Home/jre/lib/rt.jar:/Library/Java/JavaVirtualMachines/jdk1.8.0_202.jdk/Contents/Home/jre/lib/sunrsasign.jar:/Library/Java/JavaVirtualMachines/jdk1.8.0_202.jdk/Contents/Home/jre/lib/jsse.jar:/Library/Java/JavaVirtualMachines/jdk1.8.0_202.jdk/Contents/Home/jre/lib/jce.jar:/Library/Java/JavaVirtualMachines/jdk1.8.0_202.jdk/Contents/Home/jre/lib/charsets.jar:/Library/Java/JavaVirtualMachines/jdk1.8.0_202.jdk/Contents/Home/jre/lib/jfr.jar:/Library/Java/JavaVirtualMachines/jdk1.8.0_202.jdk/Contents/Home/jre/classes"/>
    <property name="sun.management.compiler" value="HotSpot 64-Bit Tiered Compilers"/>
    <property name="ftp.nonProxyHosts" value="local|*.local|169.254/16|*.169.254/16"/>
    <property name="java.runtime.version" value="1.8.0_202-b08"/>
    <property name="user.name" value="gracevallu"/>
    <property name="path.separator" value=":"/>
    <property name="os.version" value="10.15.6"/>
    <property name="java.endorsed.dirs" value="/Library/Java/JavaVirtualMachines/jdk1.8.0_202.jdk/Contents/Home/jre/lib/endorsed"/>
    <property name="java.runtime.name" value="Java(TM) SE Runtime Environment"/>
    <property name="file.encoding" value="UTF-8"/>
    <property name="java.vm.name" value="Java HotSpot(TM) 64-Bit Server VM"/>
    <property name="localRepository" value="/Users/gracevallu/.m2/repository"/>
    <property name="java.vendor.url.bug" value="http://bugreport.sun.com/bugreport/"/>
    <property name="java.io.tmpdir" value="/var/folders/w8/rfhlnj_s1vz4lfkz0hgtr4n40000gn/T/"/>
    <property name="java.version" value="1.8.0_202"/>
    <property name="user.dir" value="/Users/gracevallu/eclipse-workspace/E2Eframeworkproject"/>
    <property name="os.arch" value="x86_64"/>
    <property name="java.vm.specification.name" value="Java Virtual Machine Specification"/>
    <property name="java.awt.printerjob" value="sun.lwawt.macosx.CPrinterJob"/>
    <property name="sun.os.patch.level" value="unknown"/>
    <property name="java.library.path" value="/Users/gracevallu/Library/Java/Extensions:/Library/Java/Extensions:/Network/Library/Java/Extensions:/System/Library/Java/Extensions:/usr/lib/java:."/>
    <property name="java.vm.info" value="mixed mode"/>
    <property name="java.vendor" value="Oracle Corporation"/>
    <property name="java.vm.version" value="25.202-b08"/>
    <property name="java.ext.dirs" value="/Users/gracevallu/Library/Java/Extensions:/Library/Java/JavaVirtualMachines/jdk1.8.0_202.jdk/Contents/Home/jre/lib/ext:/Library/Java/Extensions:/Network/Library/Java/Extensions:/System/Library/Java/Extensions:/usr/lib/java"/>
    <property name="sun.io.unicode.encoding" value="UnicodeBig"/>
    <property name="java.class.version" value="52.0"/>
    <property name="socksNonProxyHosts" value="local|*.local|169.254/16|*.169.254/16"/>
  </properties>
  <testcase name="testApp" classname="Academy.E2Eframeworkproject.AppTest" time="0.014">
    <failure type="java.lang.AssertionError"><![CDATA[java.lang.AssertionError: 
	at Academy.E2Eframeworkproject.AppTest.testApp(AppTest.java:26)
]]></failure>
  </testcase>
  <testcase name="basePageNavigation" classname="Academy.E2Eframeworkproject.validateNavigationBar" time="0.853">
    <system-out><![CDATA[/Users/gracevallu/eclipse-workspace/E2Eframeworkproject/reports/basePageNavigation.png
]]></system-out>
    <system-err><![CDATA[SSStttaaarrrtttiiinnnggg  C ChChrhroromomemDreeiDvrDerri 8v6ie.r0v .e84r2 640.8.06..2024.24 42(403.09282.b 0(273249383b503 7f(f433396f83b1b5b03827f464f33836f56f33baf31afb398632bf44be612be888f29466e38-far36ea3f9s3a/bb34raea29ne3c8hb9-e4he-ear2dseefs/b/8r4a29n4ceh0--@rh{ee#fa3sd7/s8b/}r4)a2 n4oc0nh@ -{ph#oe3ra7td8 }s3)/3 42o28n45 0
p@Oo{nr#lt3y 7 28l8}o5)c6 a8lo
 nOc noplnonye rclto tc3ial4 565
Onlyo lnosc aalr ec oanlcnloeowcnetniedoc.nts
i oaPnrsle e aaarlsleoew  eads.lleo
ewP eldeh.at
stPep lsse:e/e/a chttseh rpsosmee:edr /ih/vetcr.thcprhrsoomm:i/uemd/.ocrrghi/srveeocmrure.itdycr-hciornvsoeidmreir.auctimhon.rsoo frmoigr u/smusg.egoecsrtuigro/niss teonyc ku-eercpiionntg ysCh-irodcmeeoDrnrivsaerit sidafeoe.rn
asC thrifomooeDrnri sve sr fuwaogs rgst earssteutd gisougcnecesstssif ouolnnls y .ko
ene pkienegp iCnhgr oCmherDomerDirvievr ers asfaef.e
.
ChCrhormoemDerDirvievre rw awsa ss tsatratretd esdu scuccecsessfsuflullyl.y
.
Nov 09, 2020 8:37:12 PM org.openqa.selenium.remote.ProtocolHandshake createSession
INFO: Detected dialect: W3C
Nov 09, 2020 8:37:12 PM org.openqa.selenium.remote.ProtocolHandshake createSession
INFO: Detected dialect: W3C
Nov 09, 2020 8:37:12 PM org.openqa.selenium.remote.ProtocolHandshake createSession
INFO: Detected dialect: W3C
Starting ChromeDriver 86.0.4240.22 (398b0743353ff36fb1b82468f63a3a93b4e2e89e-refs/branch-heads/4240@{#378}) on port 40711
Only local connections are allowed.
Please see https://chromedriver.chromium.org/security-considerations for suggestions on keeping ChromeDriver safe.
ChromeDriver was started successfully.
]]></system-err>
  </testcase>
  <testcase name="basePageNavigation" classname="Academy.E2Eframeworkproject.validateTitle" time="7.122">
    <system-out><![CDATA[/Users/gracevallu/eclipse-workspace/E2Eframeworkproject/reports/basePageNavigation.png
]]></system-out>
    <system-err><![CDATA[Nov 09, 2020 8:37:23 PM org.openqa.selenium.remote.ProtocolHandshake createSession
INFO: Detected dialect: W3C
]]></system-err>
  </testcase>
  <testcase name="basePageNavigation[grace@qaclick.com, kiru](1)" classname="Academy.E2Eframeworkproject.HomePage" time="7.639">
    <system-out><![CDATA[/Users/gracevallu/eclipse-workspace/E2Eframeworkproject/reports/basePageNavigation.png
]]></system-out>
  </testcase>
</testsuite>