<?xml version="1.0" encoding="UTF-8"?>
<!-- Generated by org.testng.reporters.JUnitReportReporter -->
<testsuite skipped="0" hostname="Graces-MBP.hsd1.pa.comcast.net" name="Academy.E2Eframeworkproject.validateTitle" tests="1" failures="0" timestamp="2020-11-09T20:37:29 EST" time="6.376" errors="0">
  <testcase name="basePageNavigation" time="6.376" classname="Academy.E2Eframeworkproject.validateTitle"/>
  <system-out/>
</testsuite> <!-- Academy.E2Eframeworkproject.validateTitle -->
